<?xml version="1.0" encoding="UTF-8"?>
<testsuite name="ChromeTest"
           tests="8"
           failures="1"
           errors="0"
           skipped="0"
           time="186.721">
    <properties></properties>

            <testcase
                name="tc0005_InvalidPasswordTest"
                time="22.072"
                classname="com.alexnova.nidhishah.tests.RegistrationPageTests">

            <failure type="org.openqa.selenium.WebDriverException" message="target frame detached
  (Session info: chrome=102.0.5005.115)
Build info: version: &apos;4.0.0&apos;, revision: &apos;3a21814679&apos;
System info: host: &apos;NIDHISHAH&apos;, ip: &apos;10.0.0.153&apos;, os.name: &apos;Windows 11&apos;, os.arch: &apos;amd64&apos;, os.version: &apos;10.0&apos;, java.version: &apos;1.8.0_321&apos;
Driver info: org.openqa.selenium.chrome.ChromeDriver
Command: [9e05ef53e0c0492e43837de5763df3cc, findElement {using=xpath, value=//*[@id=&apos;customer_login&apos;]/p}]
Capabilities {acceptInsecureCerts: false, browserName: chrome, browserVersion: 102.0.5005.115, chrome: {chromedriverVersion: 102.0.5005.61 (0e59bcc00cc4..., userDataDir: C:\Users\nidhi\AppData\Loca...}, goog:chromeOptions: {debuggerAddress: localhost:61347}, javascriptEnabled: true, networkConnectionEnabled: false, pageLoadStrategy: normal, platform: WINDOWS, platformName: WINDOWS, proxy: Proxy(), se:cdp: ws://localhost:61347/devtoo..., se:cdpVersion: 102.0.5005.115, setWindowRect: true, strictFileInteractability: false, timeouts: {implicit: 0, pageLoad: 300000, script: 30000}, unhandledPromptBehavior: dismiss and notify, webauthn:extension:credBlob: true, webauthn:extension:largeBlob: true, webauthn:virtualAuthenticators: true}
Session ID: 9e05ef53e0c0492e43837de5763df3cc">
                <![CDATA[org.openqa.selenium.WebDriverException: target frame detached
  (Session info: chrome=102.0.5005.115)
Build info: version: '4.0.0', revision: '3a21814679'
System info: host: 'NIDHISHAH', ip: '10.0.0.153', os.name: 'Windows 11', os.arch: 'amd64', os.version: '10.0', java.version: '1.8.0_321'
Driver info: org.openqa.selenium.chrome.ChromeDriver
Command: [9e05ef53e0c0492e43837de5763df3cc, findElement {using=xpath, value=//*[@id='customer_login']/p}]
Capabilities {acceptInsecureCerts: false, browserName: chrome, browserVersion: 102.0.5005.115, chrome: {chromedriverVersion: 102.0.5005.61 (0e59bcc00cc4..., userDataDir: C:\Users\nidhi\AppData\Loca...}, goog:chromeOptions: {debuggerAddress: localhost:61347}, javascriptEnabled: true, networkConnectionEnabled: false, pageLoadStrategy: normal, platform: WINDOWS, platformName: WINDOWS, proxy: Proxy(), se:cdp: ws://localhost:61347/devtoo..., se:cdpVersion: 102.0.5005.115, setWindowRect: true, strictFileInteractability: false, timeouts: {implicit: 0, pageLoad: 300000, script: 30000}, unhandledPromptBehavior: dismiss and notify, webauthn:extension:credBlob: true, webauthn:extension:largeBlob: true, webauthn:virtualAuthenticators: true}
Session ID: 9e05ef53e0c0492e43837de5763df3cc
                sun.reflect.NativeConstructorAccessorImpl.newInstance0(Native Method)sun.reflect.NativeConstructorAccessorImpl.newInstance(NativeConstructorAccessorImpl.java:62)sun.reflect.DelegatingConstructorAccessorImpl.newInstance(DelegatingConstructorAccessorImpl.java:45)java.lang.reflect.Constructor.newInstance(Constructor.java:423)org.openqa.selenium.remote.codec.w3c.W3CHttpResponseCodec.createException(W3CHttpResponseCodec.java:200)org.openqa.selenium.remote.codec.w3c.W3CHttpResponseCodec.decode(W3CHttpResponseCodec.java:133)org.openqa.selenium.remote.codec.w3c.W3CHttpResponseCodec.decode(W3CHttpResponseCodec.java:53)org.openqa.selenium.remote.HttpCommandExecutor.execute(HttpCommandExecutor.java:184)org.openqa.selenium.remote.service.DriverCommandExecutor.invokeExecute(DriverCommandExecutor.java:164)org.openqa.selenium.remote.service.DriverCommandExecutor.execute(DriverCommandExecutor.java:139)org.openqa.selenium.remote.RemoteWebDriver.execute(RemoteWebDriver.java:559)org.openqa.selenium.remote.ElementLocation$ElementFinder$2.findElement(ElementLocation.java:162)org.openqa.selenium.remote.ElementLocation.findElement(ElementLocation.java:60)org.openqa.selenium.remote.RemoteWebDriver.findElement(RemoteWebDriver.java:383)org.openqa.selenium.remote.RemoteWebDriver.findElement(RemoteWebDriver.java:375)com.alexnova.nidhishah.pages.LoginPage.getErrorMsg(LoginPage.java:52)com.alexnova.nidhishah.tests.RegistrationPageTests.tc0005_InvalidPasswordTest(RegistrationPageTests.java:193)sun.reflect.NativeMethodAccessorImpl.invoke0(Native Method)sun.reflect.NativeMethodAccessorImpl.invoke(NativeMethodAccessorImpl.java:62)sun.reflect.DelegatingMethodAccessorImpl.invoke(DelegatingMethodAccessorImpl.java:43)java.lang.reflect.Method.invoke(Method.java:498)org.testng.internal.MethodInvocationHelper.invokeMethod(MethodInvocationHelper.java:124)org.testng.internal.Invoker.invokeMethod(Invoker.java:583)org.testng.internal.Invoker.invokeTestMethod(Invoker.java:719)org.testng.internal.Invoker.invokeTestMethods(Invoker.java:989)org.testng.internal.TestMethodWorker.invokeTestMethods(TestMethodWorker.java:125)org.testng.internal.TestMethodWorker.run(TestMethodWorker.java:109)org.testng.TestRunner.privateRun(TestRunner.java:648)org.testng.TestRunner.run(TestRunner.java:505)org.testng.SuiteRunner.runTest(SuiteRunner.java:455)org.testng.SuiteRunner.runSequentially(SuiteRunner.java:450)org.testng.SuiteRunner.privateRun(SuiteRunner.java:415)org.testng.SuiteRunner.run(SuiteRunner.java:364)org.testng.SuiteRunnerWorker.runSuite(SuiteRunnerWorker.java:52)org.testng.SuiteRunnerWorker.run(SuiteRunnerWorker.java:84)org.testng.TestNG.runSuitesSequentially(TestNG.java:1208)org.testng.TestNG.runSuitesLocally(TestNG.java:1137)org.testng.TestNG.runSuites(TestNG.java:1049)org.testng.TestNG.run(TestNG.java:1017)com.intellij.rt.testng.IDEARemoteTestNG.run(IDEARemoteTestNG.java:66)com.intellij.rt.testng.RemoteTestNGStarter.main(RemoteTestNGStarter.java:109)
]]>
            </failure>
    </testcase>


            <testcase
                name="tc0001_NewUserRegistrationPageTest"
                time="1.458"
                classname="com.alexnova.nidhishah.tests.RegistrationPageTests">
            </testcase>
            <testcase
                name="tc0003_InvalidEmailValidationTest"
                time="25.814"
                classname="com.alexnova.nidhishah.tests.RegistrationPageTests">
            </testcase>
            <testcase
                name="tc0003_InvalidEmailValidationTest"
                time="25.886"
                classname="com.alexnova.nidhishah.tests.RegistrationPageTests">
            </testcase>
            <testcase
                name="tc0002_RegisterNewUserTest"
                time="33.508"
                classname="com.alexnova.nidhishah.tests.RegistrationPageTests">
            </testcase>
            <testcase
                name="tc0003_InvalidEmailValidationTest"
                time="25.692"
                classname="com.alexnova.nidhishah.tests.RegistrationPageTests">
            </testcase>
            <testcase
                name="tc0004_MandatoryFieldsTest"
                time="26.193"
                classname="com.alexnova.nidhishah.tests.RegistrationPageTests">
            </testcase>
            <testcase
                name="tc0003_InvalidEmailValidationTest"
                time="26.098"
                classname="com.alexnova.nidhishah.tests.RegistrationPageTests">
            </testcase>
</testsuite>
