<?xml version="1.0" encoding="UTF-8"?>
<testsuite name="EdgeTest"
           tests="10"
           failures="1"
           errors="0"
           skipped="9"
           time="3.103">
    <properties></properties>

            <testcase
                name="SetUp"
                time="3.103"
                classname="com.alexnova.nidhishah.tests.CheckoutTests">

            <failure type="org.openqa.selenium.SessionNotCreatedException" message="Could not start a new session. Response code 500. Message: session not created: This version of MSEdgeDriver only supports MSEdge version 101
Current browser version is 103.0.1264.37 with binary path C:\Program Files (x86)\Microsoft\Edge\Application\msedge.exe
Build info: version: &apos;4.0.0&apos;, revision: &apos;3a21814679&apos;
System info: host: &apos;NIDHISHAH&apos;, ip: &apos;10.0.0.153&apos;, os.name: &apos;Windows 11&apos;, os.arch: &apos;amd64&apos;, os.version: &apos;10.0&apos;, java.version: &apos;1.8.0_321&apos;
Driver info: org.openqa.selenium.edge.EdgeDriver
Command: [null, newSession {capabilities=[Capabilities {browserName: MicrosoftEdge, ms:edgeOptions: {args: [], extensions: []}}], desiredCapabilities=Capabilities {browserName: MicrosoftEdge, ms:edgeOptions: {args: [], extensions: []}}}]">
                <![CDATA[org.openqa.selenium.SessionNotCreatedException: Could not start a new session. Response code 500. Message: session not created: This version of MSEdgeDriver only supports MSEdge version 101
Current browser version is 103.0.1264.37 with binary path C:\Program Files (x86)\Microsoft\Edge\Application\msedge.exe
Build info: version: '4.0.0', revision: '3a21814679'
System info: host: 'NIDHISHAH', ip: '10.0.0.153', os.name: 'Windows 11', os.arch: 'amd64', os.version: '10.0', java.version: '1.8.0_321'
Driver info: org.openqa.selenium.edge.EdgeDriver
Command: [null, newSession {capabilities=[Capabilities {browserName: MicrosoftEdge, ms:edgeOptions: {args: [], extensions: []}}], desiredCapabilities=Capabilities {browserName: MicrosoftEdge, ms:edgeOptions: {args: [], extensions: []}}}]
                org.openqa.selenium.remote.ProtocolHandshake.createSession(ProtocolHandshake.java:126)org.openqa.selenium.remote.ProtocolHandshake.createSession(ProtocolHandshake.java:84)org.openqa.selenium.remote.ProtocolHandshake.createSession(ProtocolHandshake.java:62)org.openqa.selenium.remote.HttpCommandExecutor.execute(HttpCommandExecutor.java:156)org.openqa.selenium.remote.service.DriverCommandExecutor.invokeExecute(DriverCommandExecutor.java:164)org.openqa.selenium.remote.service.DriverCommandExecutor.execute(DriverCommandExecutor.java:139)org.openqa.selenium.remote.RemoteWebDriver.execute(RemoteWebDriver.java:559)org.openqa.selenium.remote.RemoteWebDriver.startSession(RemoteWebDriver.java:246)org.openqa.selenium.remote.RemoteWebDriver.<init>(RemoteWebDriver.java:168)org.openqa.selenium.chromium.ChromiumDriver.<init>(ChromiumDriver.java:108)org.openqa.selenium.edge.EdgeDriver.<init>(EdgeDriver.java:49)org.openqa.selenium.edge.EdgeDriver.<init>(EdgeDriver.java:41)org.openqa.selenium.edge.EdgeDriver.<init>(EdgeDriver.java:38)com.alexnova.nidhishah.library.SelectBrowser.StartBrowser(SelectBrowser.java:44)com.alexnova.nidhishah.tests.CheckoutTests.SetUp(CheckoutTests.java:33)sun.reflect.NativeMethodAccessorImpl.invoke0(Native Method)sun.reflect.NativeMethodAccessorImpl.invoke(NativeMethodAccessorImpl.java:62)sun.reflect.DelegatingMethodAccessorImpl.invoke(DelegatingMethodAccessorImpl.java:43)java.lang.reflect.Method.invoke(Method.java:498)org.testng.internal.MethodInvocationHelper.invokeMethod(MethodInvocationHelper.java:124)org.testng.internal.MethodInvocationHelper.invokeMethodConsideringTimeout(MethodInvocationHelper.java:59)org.testng.internal.Invoker.invokeConfigurationMethod(Invoker.java:458)org.testng.internal.Invoker.invokeConfigurations(Invoker.java:222)org.testng.internal.Invoker.invokeConfigurations(Invoker.java:142)org.testng.internal.TestMethodWorker.invokeBeforeClassMethods(TestMethodWorker.java:168)org.testng.internal.TestMethodWorker.run(TestMethodWorker.java:105)org.testng.TestRunner.privateRun(TestRunner.java:648)org.testng.TestRunner.run(TestRunner.java:505)org.testng.SuiteRunner.runTest(SuiteRunner.java:455)org.testng.SuiteRunner.access$000(SuiteRunner.java:40)org.testng.SuiteRunner$SuiteWorker.run(SuiteRunner.java:489)org.testng.internal.thread.ThreadUtil$1.call(ThreadUtil.java:52)java.util.concurrent.FutureTask.run(FutureTask.java:266)java.util.concurrent.ThreadPoolExecutor.runWorker(ThreadPoolExecutor.java:1149)java.util.concurrent.ThreadPoolExecutor$Worker.run(ThreadPoolExecutor.java:624)java.lang.Thread.run(Thread.java:750)
]]>
            </failure>
    </testcase>

            <testcase
                name="tearDown"
                time="0.0"
                classname="com.alexnova.nidhishah.tests.CheckoutTests">
            </testcase>
            <testcase
                name="afterMethod"
                time="0.0"
                classname="com.alexnova.nidhishah.tests.CheckoutTests">
            </testcase>
            <testcase
                name="afterMethod"
                time="0.0"
                classname="com.alexnova.nidhishah.tests.CheckoutTests">
            </testcase>
            <testcase
                name="afterMethod"
                time="0.0"
                classname="com.alexnova.nidhishah.tests.CheckoutTests">
            </testcase>
            <testcase
                name="afterMethod"
                time="0.0"
                classname="com.alexnova.nidhishah.tests.CheckoutTests">
            </testcase>
            <testcase
                name="tc0017_PaymentModeCheck"
                time="0.0"
                classname="com.alexnova.nidhishah.tests.CheckoutTests">
            </testcase>
            <testcase
                name="tc0018_CCMandatoryFieldValidation"
                time="0.0"
                classname="com.alexnova.nidhishah.tests.CheckoutTests">
            </testcase>
            <testcase
                name="tc0016_ApplyDiscountCodeTest"
                time="0.0"
                classname="com.alexnova.nidhishah.tests.CheckoutTests">
            </testcase>
            <testcase
                name="tc0019_SuccessfulCheckoutTest"
                time="0.0"
                classname="com.alexnova.nidhishah.tests.CheckoutTests">
            </testcase>

</testsuite>
